#
# There is insufficient memory for the Java Runtime Environment to continue.
# Native memory allocation (mmap) failed to map 4096 bytes for card table expansion
# Possible reasons:
#   The system is out of physical RAM or swap space
#   In 32 bit mode, the process size limit was hit
# Possible solutions:
#   Reduce memory load on the system
#   Increase physical memory or swap space
#   Check if swap backing store is full
#   Use 64 bit Java on a 64 bit OS
#   Decrease Java heap size (-Xmx/-Xms)
#   Decrease number of Java threads
#   Decrease Java thread stack sizes (-Xss)
#   Set larger code cache with -XX:ReservedCodeCacheSize=
# This output file may be truncated or incomplete.
#
#  Out of Memory Error (os_windows.cpp:3331), pid=12752, tid=0x00000000000012d8
#
# JRE version: Java(TM) SE Runtime Environment (8.0_131-b11) (build 1.8.0_131-b11)
# Java VM: Java HotSpot(TM) 64-Bit Server VM (25.131-b11 mixed mode windows-amd64 )
# Failed to write core dump. Minidumps are not enabled by default on client versions of Windows
#

---------------  T H R E A D  ---------------

Current thread (0x0000000002a70800):  JavaThread "main" [_thread_in_vm, id=4824, stack(0x0000000002bc0000,0x00000000035c0000)]

Stack: [0x0000000002bc0000,0x00000000035c0000]
[error occurred during error reporting (printing stack bounds), id 0xc0000005]

Native frames: (J=compiled Java code, j=interpreted, Vv=VM code, C=native code)

Java frames: (J=compiled Java code, j=interpreted, Vv=VM code)
j  problem078.Try5.<clinit>()V+4
v  ~StubRoutines::call_stub

---------------  P R O C E S S  ---------------

Java Threads: ( => current thread )
  0x000000002c808800 JavaThread "Service Thread" daemon [_thread_blocked, id=10728, stack(0x000000002cbe0000,0x000000002d5e0000)]
  0x0000000028983800 JavaThread "C1 CompilerThread2" daemon [_thread_blocked, id=13120, stack(0x000000002c6e0000,0x000000002c7e0000)]
  0x000000002897e000 JavaThread "C2 CompilerThread1" daemon [_thread_blocked, id=5832, stack(0x000000002c5e0000,0x000000002c6e0000)]
  0x000000002897b800 JavaThread "C2 CompilerThread0" daemon [_thread_blocked, id=5592, stack(0x000000002c4e0000,0x000000002c5e0000)]
  0x000000002897a800 JavaThread "Attach Listener" daemon [_thread_blocked, id=5984, stack(0x000000002bae0000,0x000000002c4e0000)]
  0x0000000028979000 JavaThread "Signal Dispatcher" daemon [_thread_blocked, id=6196, stack(0x000000002b0e0000,0x000000002bae0000)]
  0x0000000028969800 JavaThread "Finalizer" daemon [_thread_blocked, id=12920, stack(0x000000002a4f0000,0x000000002aef0000)]
  0x0000000002b60000 JavaThread "Reference Handler" daemon [_thread_blocked, id=12220, stack(0x0000000029af0000,0x000000002a4f0000)]
=>0x0000000002a70800 JavaThread "main" [_thread_in_vm, id=4824, stack(0x0000000002bc0000,0x00000000035c0000)]

Other Threads:
  0x0000000028947000 VMThread [stack: 0x00000000299f0000,0x0000000029af0000] [id=11456]
  0x00000000289dd000 WatcherThread [stack: 0x000000002d5e0000,0x000000002d6e0000] [id=5760]

VM state:not at safepoint (normal execution)

VM Mutex/Monitor currently owned by a thread:  ([mutex/lock_event])
[0x0000000002bbc510] ExpandHeap_lock - owner thread: 0x0000000002a70800
[0x0000000002bbb890] Heap_lock - owner thread: 0x0000000002a70800

Heap:
 PSYoungGen      total 2045440K, used 2040102K [0x0000000aeab00000, 0x0000000b67f00000, 0x0000001020000000)
  eden space 2040320K, 99% used [0x0000000aeab00000,0x0000000b67349800,0x0000000b67380000)
  from space 5120K, 0% used [0x0000000b67880000,0x0000000b67880000,0x0000000b67d80000)
  to   space 5120K, 0% used [0x0000000b67380000,0x0000000b67380000,0x0000000b67880000)
 ParOldGen       total 24012800K, used 24012361K [0x0000000080000000, 0x0000000639a80000, 0x0000000aeab00000)
  object space 24012800K, 99% used [0x0000000080000000,0x0000000639992678,0x0000000639a00000)
 Metaspace       used 2604K, capacity 4100K, committed 4352K, reserved 8192K

Card table byte_map: [0x0000000012980000,0x000000001a690000] byte_map_base: 0x0000000012580000

Marking Bits: (ParMarkBitMap*) 0x000000005a21c720
 Begin Bits: [0x0000001020000000, 0x000000105e800000)
 End Bits:   [0x000000105e800000, 0x000000109d000000)

Polling page: 0x0000000002a10000

CodeCache: size=245760Kb used=1106Kb max_used=1106Kb free=244653Kb
 bounds [0x00000000035c0000, 0x0000000003830000, 0x00000000125c0000]
 total_blobs=257 nmethods=26 adapters=145
 compilation: enabled

Compilation events (10 events):
Event: 0.122 Thread 0x0000000028983800   22       3       java.lang.Character::toUpperCase (6 bytes)
Event: 0.122 Thread 0x0000000028983800 nmethod 22 0x00000000036d2150 code [0x00000000036d22c0, 0x00000000036d2558]
Event: 0.122 Thread 0x0000000028983800   23       3       java.lang.Character::toUpperCase (9 bytes)
Event: 0.122 Thread 0x0000000028983800 nmethod 23 0x00000000036d1cd0 code [0x00000000036d1e40, 0x00000000036d2078]
Event: 0.122 Thread 0x0000000028983800   24       3       java.lang.CharacterDataLatin1::toUpperCase (53 bytes)
Event: 0.122 Thread 0x0000000028983800 nmethod 24 0x00000000036d1710 code [0x00000000036d1880, 0x00000000036d1b70]
Event: 0.126 Thread 0x0000000028983800   25       3       java.lang.StringBuilder::append (8 bytes)
Event: 0.126 Thread 0x0000000028983800 nmethod 25 0x00000000036d0b90 code [0x00000000036d0d00, 0x00000000036d0e88]
Event: 0.129 Thread 0x0000000028983800   26       3       java.util.Arrays::copyOfRange (63 bytes)
Event: 0.130 Thread 0x0000000028983800 nmethod 26 0x00000000036d3990 code [0x00000000036d3ba0, 0x00000000036d4698]

GC Heap History (10 events):
Event: 18.363 GC heap before
{Heap before GC invocations=64 (full 33):
 PSYoungGen      total 2045440K, used 2040102K [0x0000000aeab00000, 0x0000000b67f00000, 0x0000001020000000)
  eden space 2040320K, 99% used [0x0000000aeab00000,0x0000000b67349800,0x0000000b67380000)
  from space 5120K, 0% used [0x0000000b67880000,0x0000000b67880000,0x0000000b67d80000)
  to   space 5120K, 0% used [0x0000000b67380000,0x0000000b67380000,0x0000000b67880000)
 ParOldGen       total 23972864K, used 23972515K [0x0000000080000000, 0x0000000637300000, 0x0000000aeab00000)
  object space 23972864K, 99% used [0x0000000080000000,0x00000006372a8f80,0x0000000637300000)
 Metaspace       used 2604K, capacity 4100K, committed 4352K, reserved 8192K
Event: 18.458 GC heap after
Heap after GC invocations=64 (full 33):
 PSYoungGen      total 2045440K, used 2040102K [0x0000000aeab00000, 0x0000000b67f00000, 0x0000001020000000)
  eden space 2040320K, 99% used [0x0000000aeab00000,0x0000000b67349800,0x0000000b67380000)
  from space 5120K, 0% used [0x0000000b67880000,0x0000000b67880000,0x0000000b67d80000)
  to   space 5120K, 0% used [0x0000000b67380000,0x0000000b67380000,0x0000000b67880000)
 ParOldGen       total 23972864K, used 23972515K [0x0000000080000000, 0x0000000637300000, 0x0000000aeab00000)
  object space 23972864K, 99% used [0x0000000080000000,0x00000006372a8f80,0x0000000637300000)
 Metaspace       used 2604K, capacity 4100K, committed 4352K, reserved 8192K
}
Event: 18.464 GC heap before
{Heap before GC invocations=65 (full 34):
 PSYoungGen      total 2045440K, used 2040102K [0x0000000aeab00000, 0x0000000b67f00000, 0x0000001020000000)
  eden space 2040320K, 99% used [0x0000000aeab00000,0x0000000b67349800,0x0000000b67380000)
  from space 5120K, 0% used [0x0000000b67880000,0x0000000b67880000,0x0000000b67d80000)
  to   space 5120K, 0% used [0x0000000b67380000,0x0000000b67380000,0x0000000b67880000)
 ParOldGen       total 24002560K, used 24002517K [0x0000000080000000, 0x0000000639000000, 0x0000000aeab00000)
  object space 24002560K, 99% used [0x0000000080000000,0x0000000638ff5580,0x0000000639000000)
 Metaspace       used 2604K, capacity 4100K, committed 4352K, reserved 8192K
Event: 18.561 GC heap after
Heap after GC invocations=65 (full 34):
 PSYoungGen      total 2045440K, used 2040102K [0x0000000aeab00000, 0x0000000b67f00000, 0x0000001020000000)
  eden space 2040320K, 99% used [0x0000000aeab00000,0x0000000b67349800,0x0000000b67380000)
  from space 5120K, 0% used [0x0000000b67880000,0x0000000b67880000,0x0000000b67d80000)
  to   space 5120K, 0% used [0x0000000b67380000,0x0000000b67380000,0x0000000b67880000)
 ParOldGen       total 24002560K, used 24002517K [0x0000000080000000, 0x0000000639000000, 0x0000000aeab00000)
  object space 24002560K, 99% used [0x0000000080000000,0x0000000638ff5580,0x0000000639000000)
 Metaspace       used 2604K, capacity 4100K, committed 4352K, reserved 8192K
}
Event: 18.562 GC heap before
{Heap before GC invocations=66 (full 35):
 PSYoungGen      total 2045440K, used 2040102K [0x0000000aeab00000, 0x0000000b67f00000, 0x0000001020000000)
  eden space 2040320K, 99% used [0x0000000aeab00000,0x0000000b67349800,0x0000000b67380000)
  from space 5120K, 0% used [0x0000000b67880000,0x0000000b67880000,0x0000000b67d80000)
  to   space 5120K, 0% used [0x0000000b67380000,0x0000000b67380000,0x0000000b67880000)
 ParOldGen       total 24009728K, used 24009548K [0x0000000080000000, 0x0000000639700000, 0x0000000aeab00000)
  object space 24009728K, 99% used [0x0000000080000000,0x00000006396d33e8,0x0000000639700000)
 Metaspace       used 2604K, capacity 4100K, committed 4352K, reserved 8192K
Event: 18.655 GC heap after
Heap after GC invocations=66 (full 35):
 PSYoungGen      total 2045440K, used 2040102K [0x0000000aeab00000, 0x0000000b67f00000, 0x0000001020000000)
  eden space 2040320K, 99% used [0x0000000aeab00000,0x0000000b67349800,0x0000000b67380000)
  from space 5120K, 0% used [0x0000000b67880000,0x0000000b67880000,0x0000000b67d80000)
  to   space 5120K, 0% used [0x0000000b67380000,0x0000000b67380000,0x0000000b67880000)
 ParOldGen       total 24009728K, used 24009548K [0x0000000080000000, 0x0000000639700000, 0x0000000aeab00000)
  object space 24009728K, 99% used [0x0000000080000000,0x00000006396d33e8,0x0000000639700000)
 Metaspace       used 2604K, capacity 4100K, committed 4352K, reserved 8192K
}
Event: 18.656 GC heap before
{Heap before GC invocations=67 (full 36):
 PSYoungGen      total 2045440K, used 2040102K [0x0000000aeab00000, 0x0000000b67f00000, 0x0000001020000000)
  eden space 2040320K, 99% used [0x0000000aeab00000,0x0000000b67349800,0x0000000b67380000)
  from space 5120K, 0% used [0x0000000b67880000,0x0000000b67880000,0x0000000b67d80000)
  to   space 5120K, 0% used [0x0000000b67380000,0x0000000b67380000,0x0000000b67880000)
 ParOldGen       total 24011264K, used 24010955K [0x0000000080000000, 0x0000000639880000, 0x0000000aeab00000)
  object space 24011264K, 99% used [0x0000000080000000,0x0000000639832d30,0x0000000639880000)
 Metaspace       used 2604K, capacity 4100K, committed 4352K, reserved 8192K
Event: 18.752 GC heap after
Heap after GC invocations=67 (full 36):
 PSYoungGen      total 2045440K, used 2040102K [0x0000000aeab00000, 0x0000000b67f00000, 0x0000001020000000)
  eden space 2040320K, 99% used [0x0000000aeab00000,0x0000000b67349800,0x0000000b67380000)
  from space 5120K, 0% used [0x0000000b67880000,0x0000000b67880000,0x0000000b67d80000)
  to   space 5120K, 0% used [0x0000000b67380000,0x0000000b67380000,0x0000000b67880000)
 ParOldGen       total 24011264K, used 24010955K [0x0000000080000000, 0x0000000639880000, 0x0000000aeab00000)
  object space 24011264K, 99% used [0x0000000080000000,0x0000000639832d30,0x0000000639880000)
 Metaspace       used 2604K, capacity 4100K, committed 4352K, reserved 8192K
}
Event: 18.752 GC heap before
{Heap before GC invocations=68 (full 37):
 PSYoungGen      total 2045440K, used 2040102K [0x0000000aeab00000, 0x0000000b67f00000, 0x0000001020000000)
  eden space 2040320K, 99% used [0x0000000aeab00000,0x0000000b67349800,0x0000000b67380000)
  from space 5120K, 0% used [0x0000000b67880000,0x0000000b67880000,0x0000000b67d80000)
  to   space 5120K, 0% used [0x0000000b67380000,0x0000000b67380000,0x0000000b67880000)
 ParOldGen       total 24012288K, used 24011892K [0x0000000080000000, 0x0000000639980000, 0x0000000aeab00000)
  object space 24012288K, 99% used [0x0000000080000000,0x000000063991d360,0x0000000639980000)
 Metaspace       used 2604K, capacity 4100K, committed 4352K, reserved 8192K
Event: 18.849 GC heap after
Heap after GC invocations=68 (full 37):
 PSYoungGen      total 2045440K, used 2040102K [0x0000000aeab00000, 0x0000000b67f00000, 0x0000001020000000)
  eden space 2040320K, 99% used [0x0000000aeab00000,0x0000000b67349800,0x0000000b67380000)
  from space 5120K, 0% used [0x0000000b67880000,0x0000000b67880000,0x0000000b67d80000)
  to   space 5120K, 0% used [0x0000000b67380000,0x0000000b67380000,0x0000000b67880000)
 ParOldGen       total 24012288K, used 24011892K [0x0000000080000000, 0x0000000639980000, 0x0000000aeab00000)
  object space 24012288K, 99% used [0x0000000080000000,0x000000063991d360,0x0000000639980000)
 Metaspace       used 2604K, capacity 4100K, committed 4352K, reserved 8192K
}

Deoptimization events (0 events):
No events

Internal exceptions (2 events):
Event: 0.059 Thread 0x0000000002a70800 Exception <a 'java/lang/NoSuchMethodError': Method sun.misc.Unsafe.defineClass(Ljava/lang/String;[BII)Ljava/lang/Class; name or signature does not match> (0x0000000aeab0b918) thrown at [C:\re\workspace\8-2-build-windows-amd64-cygwin\jdk8u131\8869\hotspot\
Event: 0.059 Thread 0x0000000002a70800 Exception <a 'java/lang/NoSuchMethodError': Method sun.misc.Unsafe.prefetchRead(Ljava/lang/Object;J)V name or signature does not match> (0x0000000aeab0bce0) thrown at [C:\re\workspace\8-2-build-windows-amd64-cygwin\jdk8u131\8869\hotspot\src\share\vm\prims

Events (10 events):
Event: 18.363 Executing VM operation: ParallelGCFailedAllocation
Event: 18.458 Executing VM operation: ParallelGCFailedAllocation done
Event: 18.464 Executing VM operation: ParallelGCFailedAllocation
Event: 18.561 Executing VM operation: ParallelGCFailedAllocation done
Event: 18.562 Executing VM operation: ParallelGCFailedAllocation
Event: 18.655 Executing VM operation: ParallelGCFailedAllocation done
Event: 18.656 Executing VM operation: ParallelGCFailedAllocation
Event: 18.752 Executing VM operation: ParallelGCFailedAllocation done
Event: 18.752 Executing VM operation: ParallelGCFailedAllocation
Event: 18.849 Executing VM operation: ParallelGCFailedAllocation done


Dynamic libraries:
0x00007ff7e6800000 - 0x00007ff7e6837000 	C:\Program Files\Java\jdk1.8.0_131\bin\java.exe
0x00007ffdf3390000 - 0x00007ffdf356b000 	C:\Windows\SYSTEM32\ntdll.dll
0x00007ffdf2e60000 - 0x00007ffdf2f0e000 	C:\Windows\System32\KERNEL32.DLL
0x00007ffdef900000 - 0x00007ffdefb49000 	C:\Windows\System32\KERNELBASE.dll
0x00007ffdf1130000 - 0x00007ffdf11d1000 	C:\Windows\System32\ADVAPI32.dll
0x00007ffdf2980000 - 0x00007ffdf2a1d000 	C:\Windows\System32\msvcrt.dll
0x00007ffdf0e90000 - 0x00007ffdf0ee9000 	C:\Windows\System32\sechost.dll
0x00007ffdf3230000 - 0x00007ffdf3355000 	C:\Windows\System32\RPCRT4.dll
0x00007ffdf11e0000 - 0x00007ffdf132a000 	C:\Windows\System32\USER32.dll
0x00007ffdeff30000 - 0x00007ffdeff4e000 	C:\Windows\System32\win32u.dll
0x00007ffdf3360000 - 0x00007ffdf3387000 	C:\Windows\System32\GDI32.dll
0x00007ffdefb50000 - 0x00007ffdefcd8000 	C:\Windows\System32\gdi32full.dll
0x00007ffdefce0000 - 0x00007ffdefd7a000 	C:\Windows\System32\msvcp_win.dll
0x00007ffdefe30000 - 0x00007ffdeff26000 	C:\Windows\System32\ucrtbase.dll
0x00007ffde5b80000 - 0x00007ffde5de7000 	C:\Windows\WinSxS\amd64_microsoft.windows.common-controls_6595b64144ccf1df_6.0.15063.0_none_108e4f62dfe5d999\COMCTL32.dll
0x00007ffdf0b90000 - 0x00007ffdf0e89000 	C:\Windows\System32\combase.dll
0x00007ffdeffb0000 - 0x00007ffdf001a000 	C:\Windows\System32\bcryptPrimitives.dll
0x00007ffdf28f0000 - 0x00007ffdf291d000 	C:\Windows\System32\IMM32.DLL
0x0000000059920000 - 0x00000000599f2000 	C:\Program Files\Java\jdk1.8.0_131\jre\bin\msvcr100.dll
0x0000000059a00000 - 0x000000005a29c000 	C:\Program Files\Java\jdk1.8.0_131\jre\bin\server\jvm.dll
0x00007ffdf30b0000 - 0x00007ffdf30b8000 	C:\Windows\System32\PSAPI.DLL
0x00007ffdedcf0000 - 0x00007ffdedd13000 	C:\Windows\SYSTEM32\WINMM.dll
0x00007ffde1900000 - 0x00007ffde1909000 	C:\Windows\SYSTEM32\WSOCK32.dll
0x00007ffde9820000 - 0x00007ffde982a000 	C:\Windows\SYSTEM32\VERSION.dll
0x00007ffdedc60000 - 0x00007ffdedc8b000 	C:\Windows\SYSTEM32\winmmbase.dll
0x00007ffdef8b0000 - 0x00007ffdef8f9000 	C:\Windows\System32\cfgmgr32.dll
0x00007ffdf10c0000 - 0x00007ffdf112c000 	C:\Windows\System32\ws2_32.DLL
0x00000000598d0000 - 0x00000000598df000 	C:\Program Files\Java\jdk1.8.0_131\jre\bin\verify.dll
0x00000000598a0000 - 0x00000000598c9000 	C:\Program Files\Java\jdk1.8.0_131\jre\bin\java.dll
0x0000000059880000 - 0x0000000059896000 	C:\Program Files\Java\jdk1.8.0_131\jre\bin\zip.dll
0x00007ffdf14b0000 - 0x00007ffdf28e7000 	C:\Windows\System32\SHELL32.dll
0x00007ffdf0ae0000 - 0x00007ffdf0b8a000 	C:\Windows\System32\shcore.dll
0x00007ffdf01f0000 - 0x00007ffdf08e2000 	C:\Windows\System32\windows.storage.dll
0x00007ffdf30c0000 - 0x00007ffdf3111000 	C:\Windows\System32\shlwapi.dll
0x00007ffdef890000 - 0x00007ffdef8a1000 	C:\Windows\System32\kernel.appcore.dll
0x00007ffdef840000 - 0x00007ffdef88c000 	C:\Windows\System32\powrprof.dll
0x00007ffdef820000 - 0x00007ffdef835000 	C:\Windows\System32\profapi.dll

VM Arguments:
jvm_args: -Dfile.encoding=UTF-8 -Xmx64000m -Xss10m 
java_command: problem078.Try5
java_class_path (initial): C:\Users\Calvin\Documents\NetBeansFiles\ProjectEulerProblems\MathTools\build\classes;C:\Users\Calvin\Documents\NetBeansFiles\ProjectEulerProblems\Problem078\build\classes
Launcher Type: SUN_STANDARD

Environment Variables:
PATH=C:\ProgramData\Oracle\Java\javapath;C:\Windows\system32;C:\Windows;C:\Windows\System32\Wbem;C:\Windows\System32\WindowsPowerShell\v1.0\;C:\Program Files (x86)\NVIDIA Corporation\PhysX\Common;C:\Program Files\MATLAB\R2017a\bin;C:\Users\Calvin\AppData\Local\Microsoft\WindowsApps;
USERNAME=Calvin
OS=Windows_NT
PROCESSOR_IDENTIFIER=Intel64 Family 6 Model 58 Stepping 9, GenuineIntel



---------------  S Y S T E M  ---------------

OS: Windows 10.0 , 64 bit Build 15063 (10.0.15063.296)

CPU:total 4 (initial active 4) (4 cores per cpu, 1 threads per core) family 6 model 58 stepping 9, cmov, cx8, fxsr, mmx, sse, sse2, sse3, ssse3, sse4.1, sse4.2, popcnt, avx, aes, clmul, erms, tsc, tscinvbit, tscinv

Memory: 4k page, physical 8329172k(151952k free), swap 31966808k(3248k free)

vm_info: Java HotSpot(TM) 64-Bit Server VM (25.131-b11) for windows-amd64 JRE (1.8.0_131-b11), built on Mar 15 2017 01:23:53 by "java_re" with MS VC++ 10.0 (VS2010)

time: Tue Jun 27 23:44:07 2017
elapsed time: 18 seconds (0d 0h 0m 18s)

